<?xml version="1.0" encoding="UTF-8"?>
<testsuite name="SoonTests" tests="1" skipped="0" failures="0" errors="0" timestamp="2022-08-28T16:40:58" hostname="DESKTOP-50KUA11" time="36.659">
  <properties/>
  <testcase name="SoonFooter" classname="SoonTests" time="36.659"/>
  <system-out><![CDATA[]]></system-out>
  <system-err><![CDATA[Starting ChromeDriver 104.0.5112.79 (3cf3e8c8a07d104b9e1260c910efb8f383285dc5-refs/branch-heads/5112@{#1307}) on port 52014
Only local connections are allowed.
Please see https://chromedriver.chromium.org/security-considerations for suggestions on keeping ChromeDriver safe.
ChromeDriver was started successfully.
авг. 28, 2022 7:41:04 PM org.openqa.selenium.remote.ProtocolHandshake createSession
INFO: Detected upstream dialect: W3C
авг. 28, 2022 7:41:04 PM org.openqa.selenium.devtools.CdpVersionFinder findNearestMatch
INFO: Found exact CDP implementation for version 104
]]></system-err>
</testsuite>
